2024-07-27 18:32:37 - Rocket Launch Simulator started.
2024-07-27 18:32:37 - Enter command:
2024-07-27 18:32:53 - Pre-Launch Checks: All systems are 'Go' for launch.
2024-07-27 18:32:53 - Fuel quality: Good
2024-07-27 18:32:53 - Rocket status: Ready for launch
2024-07-27 18:32:53 - Enter command:
2024-07-27 18:32:57 - Stage 1 in progress
2024-07-27 18:32:57 - Fuel Level: 99 || Altitude: 5km || Kilometers: 1
2024-07-27 18:32:57 - Stage 1 in progress
2024-07-27 18:32:57 - Fuel Level: 98 || Altitude: 10km || Kilometers: 2
2024-07-27 18:32:57 - Stage 1 in progress
2024-07-27 18:32:57 - Fuel Level: 97 || Altitude: 15km || Kilometers: 3
2024-07-27 18:32:57 - Stage 1 in progress
2024-07-27 18:32:57 - Fuel Level: 96 || Altitude: 20km || Kilometers: 4
2024-07-27 18:32:57 - Stage 1 in progress
2024-07-27 18:32:57 - Fuel Level: 95 || Altitude: 25km || Kilometers: 5
2024-07-27 18:32:57 - Stage 1 in progress
2024-07-27 18:32:57 - Fuel Level: 94 || Altitude: 30km || Kilometers: 6
2024-07-27 18:32:57 - Stage 1 in progress
2024-07-27 18:32:57 - Fuel Level: 93 || Altitude: 35km || Kilometers: 7
2024-07-27 18:32:57 - Stage 1 in progress
2024-07-27 18:32:57 - Fuel Level: 92 || Altitude: 40km || Kilometers: 8
2024-07-27 18:32:57 - Stage 1 in progress
2024-07-27 18:32:57 - Fuel Level: 91 || Altitude: 45km || Kilometers: 9
2024-07-27 18:32:57 - Stage 1 in progress
2024-07-27 18:32:57 - Fuel Level: 90 || Altitude: 50km || Kilometers: 10
2024-07-27 18:32:57 - Enter command:
2024-07-27 18:33:10 - Stage 1 in progress
2024-07-27 18:33:10 - Fuel Level: 89 || Altitude: 55km || Kilometers: 11
2024-07-27 18:33:10 - Stage 1 in progress
2024-07-27 18:33:10 - Fuel Level: 88 || Altitude: 60km || Kilometers: 12
2024-07-27 18:33:10 - Stage 1 in progress
2024-07-27 18:33:10 - Fuel Level: 87 || Altitude: 65km || Kilometers: 13
2024-07-27 18:33:10 - Stage 1 in progress
2024-07-27 18:33:10 - Fuel Level: 86 || Altitude: 70km || Kilometers: 14
2024-07-27 18:33:10 - Stage 1 in progress
2024-07-27 18:33:10 - Fuel Level: 85 || Altitude: 75km || Kilometers: 15
2024-07-27 18:33:10 - Enter command:
2024-07-27 18:33:12 - Stage 1 in progress
2024-07-27 18:33:12 - Fuel Level: 84 || Altitude: 80km || Kilometers: 16
2024-07-27 18:33:13 - Stage 1 in progress
2024-07-27 18:33:13 - Fuel Level: 83 || Altitude: 85km || Kilometers: 17
2024-07-27 18:33:13 - Stage 1 in progress
2024-07-27 18:33:13 - Fuel Level: 82 || Altitude: 90km || Kilometers: 18
2024-07-27 18:33:13 - Stage 1 in progress
2024-07-27 18:33:13 - Fuel Level: 81 || Altitude: 95km || Kilometers: 19
2024-07-27 18:33:13 - Stage 1 in progress
2024-07-27 18:33:13 - Fuel Level: 80 || Altitude: 100km || Kilometers: 20
2024-07-27 18:33:13 - Stage 1 in progress
2024-07-27 18:33:13 - Fuel Level: 79 || Altitude: 105km || Kilometers: 21
2024-07-27 18:33:13 - Stage 1 in progress
2024-07-27 18:33:13 - Fuel Level: 78 || Altitude: 110km || Kilometers: 22
2024-07-27 18:33:13 - Stage 1 in progress
2024-07-27 18:33:13 - Fuel Level: 77 || Altitude: 115km || Kilometers: 23
2024-07-27 18:33:13 - Stage 1 in progress
2024-07-27 18:33:13 - Fuel Level: 76 || Altitude: 120km || Kilometers: 24
2024-07-27 18:33:13 - Stage 1 in progress
2024-07-27 18:33:13 - Fuel Level: 75 || Altitude: 125km || Kilometers: 25
2024-07-27 18:33:13 - Stage 1 complete
2024-07-27 18:33:13 - Fuel Level: 74 || Altitude: 130km || Kilometers: 26
2024-07-27 18:33:13 - Stage 1 complete
2024-07-27 18:33:13 - Fuel Level: 73 || Altitude: 135km || Kilometers: 27
2024-07-27 18:33:13 - Stage 1 complete
2024-07-27 18:33:13 - Fuel Level: 72 || Altitude: 140km || Kilometers: 28
2024-07-27 18:33:13 - Stage 1 complete
2024-07-27 18:33:13 - Fuel Level: 71 || Altitude: 145km || Kilometers: 29
2024-07-27 18:33:14 - Stage 1 complete
2024-07-27 18:33:14 - Fuel Level: 70 || Altitude: 150km || Kilometers: 30
2024-07-27 18:33:14 - Stage 1 complete. Transitioning to Stage 2.
2024-07-27 18:33:14 - Enter command:
2024-07-27 18:33:19 - Stage 2 in progress
2024-07-27 18:33:19 - Fuel Level: 68 || Altitude: 160km || Kilometers: 32
2024-07-27 18:33:19 - Stage 2 in progress
2024-07-27 18:33:19 - Fuel Level: 66 || Altitude: 170km || Kilometers: 34
2024-07-27 18:33:19 - Stage 2 in progress
2024-07-27 18:33:19 - Fuel Level: 64 || Altitude: 180km || Kilometers: 36
2024-07-27 18:33:19 - Stage 2 in progress
2024-07-27 18:33:19 - Fuel Level: 62 || Altitude: 190km || Kilometers: 38
2024-07-27 18:33:19 - Stage 2 in progress
2024-07-27 18:33:19 - Fuel Level: 60 || Altitude: 200km || Kilometers: 40
2024-07-27 18:33:19 - Stage 2 in progress
2024-07-27 18:33:19 - Fuel Level: 58 || Altitude: 210km || Kilometers: 42
2024-07-27 18:33:19 - Stage 2 in progress
2024-07-27 18:33:19 - Fuel Level: 56 || Altitude: 220km || Kilometers: 44
2024-07-27 18:33:19 - Stage 2 in progress
2024-07-27 18:33:19 - Fuel Level: 54 || Altitude: 230km || Kilometers: 46
2024-07-27 18:33:19 - Stage 2 in progress
2024-07-27 18:33:19 - Fuel Level: 52 || Altitude: 240km || Kilometers: 48
2024-07-27 18:33:19 - Stage 2 in progress
2024-07-27 18:33:19 - Fuel Level: 50 || Altitude: 250km || Kilometers: 50
2024-07-27 18:33:19 - Stage 2 in progress
2024-07-27 18:33:19 - Fuel Level: 48 || Altitude: 260km || Kilometers: 52
2024-07-27 18:33:19 - Stage 2 in progress
2024-07-27 18:33:19 - Fuel Level: 46 || Altitude: 270km || Kilometers: 54
2024-07-27 18:33:19 - Stage 2 in progress
2024-07-27 18:33:19 - Fuel Level: 44 || Altitude: 280km || Kilometers: 56
2024-07-27 18:33:19 - Stage 2 in progress
2024-07-27 18:33:20 - Fuel Level: 42 || Altitude: 290km || Kilometers: 58
2024-07-27 18:33:20 - Stage 2 in progress
2024-07-27 18:33:20 - Fuel Level: 40 || Altitude: 300km || Kilometers: 60
2024-07-27 18:33:20 - Stage 2 complete
2024-07-27 18:33:20 - Fuel Level: 38 || Altitude: 310km || Kilometers: 62
2024-07-27 18:33:20 - Orbit achieved! Mission Successful.
2024-07-27 18:33:20 - Orbit achieved! Mission Successful.
2024-07-27 18:33:20 - Exiting Rocket Launch Simulator. Goodbye!
2024-07-27 18:36:17 - Rocket Launch Simulator started.
2024-07-27 18:36:18 - Enter command:
2024-07-27 18:36:31 - Pre-Launch Checks: All systems are 'Go' for launch.
2024-07-27 18:36:31 - Fuel quality: Good
2024-07-27 18:36:31 - Rocket status: Ready for launch
2024-07-27 18:36:31 - Enter command:
2024-07-27 18:36:37 - Stage 1 in progress
2024-07-27 18:36:37 - Fuel Level: 99 || Altitude: 5km || Kilometers: 1
2024-07-27 18:36:37 - Stage 1 in progress
2024-07-27 18:36:37 - Fuel Level: 98 || Altitude: 10km || Kilometers: 2
2024-07-27 18:36:37 - Stage 1 in progress
2024-07-27 18:36:37 - Fuel Level: 97 || Altitude: 15km || Kilometers: 3
2024-07-27 18:36:37 - Stage 1 in progress
2024-07-27 18:36:37 - Fuel Level: 96 || Altitude: 20km || Kilometers: 4
2024-07-27 18:36:37 - Stage 1 in progress
2024-07-27 18:36:37 - Fuel Level: 95 || Altitude: 25km || Kilometers: 5
2024-07-27 18:36:37 - Stage 1 in progress
2024-07-27 18:36:37 - Fuel Level: 94 || Altitude: 30km || Kilometers: 6
2024-07-27 18:36:37 - Stage 1 in progress
2024-07-27 18:36:37 - Fuel Level: 93 || Altitude: 35km || Kilometers: 7
2024-07-27 18:36:37 - Stage 1 in progress
2024-07-27 18:36:38 - Fuel Level: 92 || Altitude: 40km || Kilometers: 8
2024-07-27 18:36:38 - Stage 1 in progress
2024-07-27 18:36:38 - Fuel Level: 91 || Altitude: 45km || Kilometers: 9
2024-07-27 18:36:38 - Stage 1 in progress
2024-07-27 18:36:38 - Fuel Level: 90 || Altitude: 50km || Kilometers: 10
2024-07-27 18:36:38 - Enter command:
2024-07-27 18:36:46 - Unknown command
2024-07-27 18:36:46 - Enter command:
2024-07-27 18:36:53 - Stage 1 in progress
2024-07-27 18:36:53 - Fuel Level: 89 || Altitude: 55km || Kilometers: 11
2024-07-27 18:36:53 - Stage 1 in progress
2024-07-27 18:36:53 - Fuel Level: 88 || Altitude: 60km || Kilometers: 12
2024-07-27 18:36:53 - Stage 1 in progress
2024-07-27 18:36:53 - Fuel Level: 87 || Altitude: 65km || Kilometers: 13
2024-07-27 18:36:53 - Stage 1 in progress
2024-07-27 18:36:53 - Fuel Level: 86 || Altitude: 70km || Kilometers: 14
2024-07-27 18:36:53 - Stage 1 in progress
2024-07-27 18:36:53 - Fuel Level: 85 || Altitude: 75km || Kilometers: 15
2024-07-27 18:36:53 - Stage 1 in progress
2024-07-27 18:36:53 - Fuel Level: 84 || Altitude: 80km || Kilometers: 16
2024-07-27 18:36:53 - Stage 1 in progress
2024-07-27 18:36:53 - Fuel Level: 83 || Altitude: 85km || Kilometers: 17
2024-07-27 18:36:53 - Stage 1 in progress
2024-07-27 18:36:53 - Fuel Level: 82 || Altitude: 90km || Kilometers: 18
2024-07-27 18:36:53 - Stage 1 in progress
2024-07-27 18:36:53 - Fuel Level: 81 || Altitude: 95km || Kilometers: 19
2024-07-27 18:36:53 - Stage 1 in progress
2024-07-27 18:36:53 - Fuel Level: 80 || Altitude: 100km || Kilometers: 20
2024-07-27 18:36:53 - Enter command:
2024-07-27 18:37:17 - Stage 1 in progress
2024-07-27 18:37:17 - Fuel Level: 79 || Altitude: 105km || Kilometers: 21
2024-07-27 18:37:17 - Stage 1 in progress
2024-07-27 18:37:17 - Fuel Level: 78 || Altitude: 110km || Kilometers: 22
2024-07-27 18:37:17 - Stage 1 in progress
2024-07-27 18:37:17 - Fuel Level: 77 || Altitude: 115km || Kilometers: 23
2024-07-27 18:37:17 - Stage 1 in progress
2024-07-27 18:37:17 - Fuel Level: 76 || Altitude: 120km || Kilometers: 24
2024-07-27 18:37:17 - Stage 1 in progress
2024-07-27 18:37:17 - Fuel Level: 75 || Altitude: 125km || Kilometers: 25
2024-07-27 18:37:18 - Stage 1 in progress
2024-07-27 18:37:18 - Fuel Level: 74 || Altitude: 130km || Kilometers: 26
2024-07-27 18:37:18 - Stage 1 in progress
2024-07-27 18:37:18 - Fuel Level: 73 || Altitude: 135km || Kilometers: 27
2024-07-27 18:37:18 - Stage 1 in progress
2024-07-27 18:37:18 - Fuel Level: 72 || Altitude: 140km || Kilometers: 28
2024-07-27 18:37:18 - Stage 1 in progress
2024-07-27 18:37:18 - Fuel Level: 71 || Altitude: 145km || Kilometers: 29
2024-07-27 18:37:18 - Stage 1 in progress
2024-07-27 18:37:18 - Fuel Level: 70 || Altitude: 150km || Kilometers: 30
2024-07-27 18:37:18 - Stage 1 complete
2024-07-27 18:37:18 - Fuel Level: 69 || Altitude: 155km || Kilometers: 31
2024-07-27 18:37:18 - Stage 1 complete
2024-07-27 18:37:18 - Fuel Level: 68 || Altitude: 160km || Kilometers: 32
2024-07-27 18:37:18 - Stage 1 complete
2024-07-27 18:37:18 - Fuel Level: 67 || Altitude: 165km || Kilometers: 33
2024-07-27 18:37:18 - Stage 1 complete
2024-07-27 18:37:18 - Fuel Level: 66 || Altitude: 170km || Kilometers: 34
2024-07-27 18:37:18 - Stage 1 complete
2024-07-27 18:37:18 - Fuel Level: 65 || Altitude: 175km || Kilometers: 35
2024-07-27 18:37:18 - Stage 1 complete
2024-07-27 18:37:18 - Fuel Level: 64 || Altitude: 180km || Kilometers: 36
2024-07-27 18:37:18 - Stage 1 complete
2024-07-27 18:37:18 - Fuel Level: 63 || Altitude: 185km || Kilometers: 37
2024-07-27 18:37:18 - Stage 1 complete
2024-07-27 18:37:18 - Fuel Level: 62 || Altitude: 190km || Kilometers: 38
2024-07-27 18:37:18 - Stage 1 complete
2024-07-27 18:37:18 - Fuel Level: 61 || Altitude: 195km || Kilometers: 39
2024-07-27 18:37:18 - Stage 1 complete
2024-07-27 18:37:18 - Fuel Level: 60 || Altitude: 200km || Kilometers: 40
2024-07-27 18:37:18 - Stage 1 complete. Transitioning to Stage 2.
2024-07-27 18:37:18 - Enter command:
2024-07-27 18:37:22 - Stage 2 in progress
2024-07-27 18:37:22 - Fuel Level: 58 || Altitude: 210km || Kilometers: 42
2024-07-27 18:37:22 - Stage 2 in progress
2024-07-27 18:37:22 - Fuel Level: 56 || Altitude: 220km || Kilometers: 44
2024-07-27 18:37:23 - Stage 2 in progress
2024-07-27 18:37:23 - Fuel Level: 54 || Altitude: 230km || Kilometers: 46
2024-07-27 18:37:23 - Stage 2 in progress
2024-07-27 18:37:23 - Fuel Level: 52 || Altitude: 240km || Kilometers: 48
2024-07-27 18:37:23 - Stage 2 in progress
2024-07-27 18:37:23 - Fuel Level: 50 || Altitude: 250km || Kilometers: 50
2024-07-27 18:37:23 - Stage 2 in progress
2024-07-27 18:37:23 - Fuel Level: 48 || Altitude: 260km || Kilometers: 52
2024-07-27 18:37:23 - Stage 2 in progress
2024-07-27 18:37:23 - Fuel Level: 46 || Altitude: 270km || Kilometers: 54
2024-07-27 18:37:23 - Stage 2 in progress
2024-07-27 18:37:23 - Fuel Level: 44 || Altitude: 280km || Kilometers: 56
2024-07-27 18:37:23 - Stage 2 in progress
2024-07-27 18:37:23 - Fuel Level: 42 || Altitude: 290km || Kilometers: 58
2024-07-27 18:37:23 - Stage 2 in progress
2024-07-27 18:37:23 - Fuel Level: 40 || Altitude: 300km || Kilometers: 60
2024-07-27 18:37:23 - Stage 2 in progress
2024-07-27 18:37:23 - Fuel Level: 38 || Altitude: 310km || Kilometers: 62
2024-07-27 18:37:23 - Stage 2 in progress
2024-07-27 18:37:23 - Fuel Level: 36 || Altitude: 320km || Kilometers: 64
2024-07-27 18:37:23 - Stage 2 in progress
2024-07-27 18:37:23 - Fuel Level: 34 || Altitude: 330km || Kilometers: 66
2024-07-27 18:37:23 - Stage 2 in progress
2024-07-27 18:37:23 - Fuel Level: 32 || Altitude: 340km || Kilometers: 68
2024-07-27 18:37:23 - Stage 2 in progress
2024-07-27 18:37:23 - Fuel Level: 30 || Altitude: 350km || Kilometers: 70
2024-07-27 18:37:23 - Enter command:
2024-07-27 18:37:26 - Stage 2 in progress
2024-07-27 18:37:26 - Fuel Level: 28 || Altitude: 360km || Kilometers: 72
2024-07-27 18:37:26 - Stage 2 in progress
2024-07-27 18:37:26 - Fuel Level: 26 || Altitude: 370km || Kilometers: 74
2024-07-27 18:37:26 - Stage 2 in progress
2024-07-27 18:37:26 - Fuel Level: 24 || Altitude: 380km || Kilometers: 76
2024-07-27 18:37:26 - Stage 2 in progress
2024-07-27 18:37:26 - Fuel Level: 22 || Altitude: 390km || Kilometers: 78
2024-07-27 18:37:26 - Stage 2 in progress
2024-07-27 18:37:26 - Fuel Level: 20 || Altitude: 400km || Kilometers: 80
2024-07-27 18:37:26 - Stage 2 in progress
2024-07-27 18:37:26 - Fuel Level: 18 || Altitude: 410km || Kilometers: 82
2024-07-27 18:37:26 - Stage 2 in progress
2024-07-27 18:37:26 - Fuel Level: 16 || Altitude: 420km || Kilometers: 84
2024-07-27 18:37:26 - Stage 2 in progress
2024-07-27 18:37:26 - Fuel Level: 14 || Altitude: 430km || Kilometers: 86
2024-07-27 18:37:26 - Stage 2 in progress
2024-07-27 18:37:26 - Fuel Level: 12 || Altitude: 440km || Kilometers: 88
2024-07-27 18:37:26 - Stage 2 in progress
2024-07-27 18:37:26 - Fuel Level: 10 || Altitude: 450km || Kilometers: 90
2024-07-27 18:37:26 - Stage 2 in progress
2024-07-27 18:37:26 - Fuel Level: 8 || Altitude: 460km || Kilometers: 92
2024-07-27 18:37:26 - Stage 2 in progress
2024-07-27 18:37:26 - Fuel Level: 6 || Altitude: 470km || Kilometers: 94
2024-07-27 18:37:26 - Stage 2 in progress
2024-07-27 18:37:26 - Fuel Level: 4 || Altitude: 480km || Kilometers: 96
2024-07-27 18:37:26 - Stage 2 in progress
2024-07-27 18:37:26 - Fuel Level: 2 || Altitude: 490km || Kilometers: 98
2024-07-27 18:37:26 - Stage 2 in progress
2024-07-27 18:37:26 - Fuel Level: 0 || Altitude: 500km || Kilometers: 100
2024-07-27 18:37:26 - Fuel is empty. Mission terminated.
2024-07-27 18:37:26 - Exiting Rocket Launch Simulator. Goodbye!
2024-07-27 18:42:02 - Rocket Launch Simulator started.
2024-07-27 18:42:02 - Enter command:
2024-07-27 18:42:20 - Pre-Launch Checks: All systems are 'Go' for launch.
2024-07-27 18:42:20 - Fuel quality: Good
2024-07-27 18:42:20 - Rocket status: Ready for launch
2024-07-27 18:42:20 - Enter command:
2024-07-27 18:42:29 - Stage 1 in progress
2024-07-27 18:42:29 - Fuel Level: 99 || Altitude: 5km || Kilometers: 1
2024-07-27 18:42:29 - Stage 1 in progress
2024-07-27 18:42:29 - Fuel Level: 98 || Altitude: 10km || Kilometers: 2
2024-07-27 18:42:29 - Stage 1 in progress
2024-07-27 18:42:29 - Fuel Level: 97 || Altitude: 15km || Kilometers: 3
2024-07-27 18:42:29 - Stage 1 in progress
2024-07-27 18:42:29 - Fuel Level: 96 || Altitude: 20km || Kilometers: 4
2024-07-27 18:42:29 - Stage 1 in progress
2024-07-27 18:42:29 - Fuel Level: 95 || Altitude: 25km || Kilometers: 5
2024-07-27 18:42:30 - Stage 1 in progress
2024-07-27 18:42:30 - Fuel Level: 94 || Altitude: 30km || Kilometers: 6
2024-07-27 18:42:30 - Stage 1 in progress
2024-07-27 18:42:30 - Fuel Level: 93 || Altitude: 35km || Kilometers: 7
2024-07-27 18:42:30 - Stage 1 in progress
2024-07-27 18:42:30 - Fuel Level: 92 || Altitude: 40km || Kilometers: 8
2024-07-27 18:42:30 - Stage 1 in progress
2024-07-27 18:42:30 - Fuel Level: 91 || Altitude: 45km || Kilometers: 9
2024-07-27 18:42:30 - Stage 1 in progress
2024-07-27 18:42:30 - Fuel Level: 90 || Altitude: 50km || Kilometers: 10
2024-07-27 18:42:30 - Enter command:
2024-07-27 18:42:40 - Stage 1 in progress
2024-07-27 18:42:40 - Fuel Level: 89 || Altitude: 55km || Kilometers: 11
2024-07-27 18:42:40 - Stage 1 in progress
2024-07-27 18:42:40 - Fuel Level: 88 || Altitude: 60km || Kilometers: 12
2024-07-27 18:42:40 - Stage 1 in progress
2024-07-27 18:42:40 - Fuel Level: 87 || Altitude: 65km || Kilometers: 13
2024-07-27 18:42:40 - Stage 1 in progress
2024-07-27 18:42:40 - Fuel Level: 86 || Altitude: 70km || Kilometers: 14
2024-07-27 18:42:40 - Stage 1 in progress
2024-07-27 18:42:40 - Fuel Level: 85 || Altitude: 75km || Kilometers: 15
2024-07-27 18:42:40 - Enter command:
2024-07-27 18:42:44 - Stage 1 in progress
2024-07-27 18:42:44 - Fuel Level: 84 || Altitude: 80km || Kilometers: 16
2024-07-27 18:42:44 - Stage 1 in progress
2024-07-27 18:42:44 - Fuel Level: 83 || Altitude: 85km || Kilometers: 17
2024-07-27 18:42:44 - Stage 1 in progress
2024-07-27 18:42:44 - Fuel Level: 82 || Altitude: 90km || Kilometers: 18
2024-07-27 18:42:44 - Stage 1 in progress
2024-07-27 18:42:44 - Fuel Level: 81 || Altitude: 95km || Kilometers: 19
2024-07-27 18:42:44 - Stage 1 in progress
2024-07-27 18:42:44 - Fuel Level: 80 || Altitude: 100km || Kilometers: 20
2024-07-27 18:42:44 - Stage 1 in progress
2024-07-27 18:42:44 - Fuel Level: 79 || Altitude: 105km || Kilometers: 21
2024-07-27 18:42:44 - Stage 1 in progress
2024-07-27 18:42:44 - Fuel Level: 78 || Altitude: 110km || Kilometers: 22
2024-07-27 18:42:44 - Stage 1 in progress
2024-07-27 18:42:44 - Fuel Level: 77 || Altitude: 115km || Kilometers: 23
2024-07-27 18:42:44 - Stage 1 in progress
2024-07-27 18:42:44 - Fuel Level: 76 || Altitude: 120km || Kilometers: 24
2024-07-27 18:42:44 - Stage 1 in progress
2024-07-27 18:42:44 - Fuel Level: 75 || Altitude: 125km || Kilometers: 25
2024-07-27 18:42:44 - Stage 1 complete
2024-07-27 18:42:44 - Fuel Level: 74 || Altitude: 130km || Kilometers: 26
2024-07-27 18:42:44 - Stage 1 complete
2024-07-27 18:42:44 - Fuel Level: 73 || Altitude: 135km || Kilometers: 27
2024-07-27 18:42:44 - Stage 1 complete
2024-07-27 18:42:44 - Fuel Level: 72 || Altitude: 140km || Kilometers: 28
2024-07-27 18:42:44 - Stage 1 complete
2024-07-27 18:42:44 - Fuel Level: 71 || Altitude: 145km || Kilometers: 29
2024-07-27 18:42:44 - Stage 1 complete
2024-07-27 18:42:45 - Fuel Level: 70 || Altitude: 150km || Kilometers: 30
2024-07-27 18:42:45 - Stage 1 complete. Transitioning to Stage 2.
2024-07-27 18:42:45 - Enter command:
2024-07-27 18:42:50 - Stage 2 in progress
2024-07-27 18:42:50 - Fuel Level: 68 || Altitude: 160km || Kilometers: 32
2024-07-27 18:42:50 - Stage 2 in progress
2024-07-27 18:42:50 - Fuel Level: 66 || Altitude: 170km || Kilometers: 34
2024-07-27 18:42:50 - Stage 2 in progress
2024-07-27 18:42:50 - Fuel Level: 64 || Altitude: 180km || Kilometers: 36
2024-07-27 18:42:50 - Stage 2 in progress
2024-07-27 18:42:50 - Fuel Level: 62 || Altitude: 190km || Kilometers: 38
2024-07-27 18:42:50 - Stage 2 in progress
2024-07-27 18:42:50 - Fuel Level: 60 || Altitude: 200km || Kilometers: 40
2024-07-27 18:42:50 - Stage 2 in progress
2024-07-27 18:42:50 - Fuel Level: 58 || Altitude: 210km || Kilometers: 42
2024-07-27 18:42:50 - Stage 2 in progress
2024-07-27 18:42:50 - Fuel Level: 56 || Altitude: 220km || Kilometers: 44
2024-07-27 18:42:50 - Stage 2 in progress
2024-07-27 18:42:50 - Fuel Level: 54 || Altitude: 230km || Kilometers: 46
2024-07-27 18:42:50 - Stage 2 in progress
2024-07-27 18:42:50 - Fuel Level: 52 || Altitude: 240km || Kilometers: 48
2024-07-27 18:42:50 - Stage 2 in progress
2024-07-27 18:42:50 - Fuel Level: 50 || Altitude: 250km || Kilometers: 50
2024-07-27 18:42:50 - Stage 2 in progress
2024-07-27 18:42:50 - Fuel Level: 48 || Altitude: 260km || Kilometers: 52
2024-07-27 18:42:50 - Stage 2 in progress
2024-07-27 18:42:50 - Fuel Level: 46 || Altitude: 270km || Kilometers: 54
2024-07-27 18:42:50 - Stage 2 in progress
2024-07-27 18:42:50 - Fuel Level: 44 || Altitude: 280km || Kilometers: 56
2024-07-27 18:42:50 - Stage 2 in progress
2024-07-27 18:42:50 - Fuel Level: 42 || Altitude: 290km || Kilometers: 58
2024-07-27 18:42:50 - Stage 2 in progress
2024-07-27 18:42:50 - Fuel Level: 40 || Altitude: 300km || Kilometers: 60
2024-07-27 18:42:50 - Stage 2 complete
2024-07-27 18:42:50 - Fuel Level: 38 || Altitude: 310km || Kilometers: 62
2024-07-27 18:42:50 - Orbit achieved! Mission Successful.
2024-07-27 18:42:51 - Orbit achieved! Mission Successful.
2024-07-27 18:42:51 - Exiting Rocket Launch Simulator. Goodbye!
2024-07-27 18:43:07 - Rocket Launch Simulator started.
2024-07-27 18:43:07 - Enter command:
2024-07-27 18:43:14 - Pre-Launch Checks: All systems are 'Go' for launch.
2024-07-27 18:43:14 - Fuel quality: Good
2024-07-27 18:43:14 - Rocket status: Ready for launch
2024-07-27 18:43:14 - Enter command:
2024-07-27 18:43:32 - Pre-Launch Stage complete
2024-07-27 18:43:32 - Fuel Level: 100 || Altitude: 0km || Kilometers: 0
2024-07-27 18:43:32 - Pre-Launch Stage complete
2024-07-27 18:43:32 - Fuel Level: 100 || Altitude: 0km || Kilometers: 0
2024-07-27 18:43:32 - Pre-Launch Stage complete
2024-07-27 18:43:32 - Fuel Level: 100 || Altitude: 0km || Kilometers: 0
2024-07-27 18:43:32 - Pre-Launch Stage complete
2024-07-27 18:43:32 - Fuel Level: 100 || Altitude: 0km || Kilometers: 0
2024-07-27 18:43:32 - Pre-Launch Stage complete
2024-07-27 18:43:32 - Fuel Level: 100 || Altitude: 0km || Kilometers: 0
2024-07-27 18:43:32 - Enter command:
2024-07-27 18:43:39 - Unknown command
2024-07-27 18:43:39 - Enter command:
2024-07-27 18:43:43 - Stage 1 in progress
2024-07-27 18:43:43 - Fuel Level: 99 || Altitude: 5km || Kilometers: 1
2024-07-27 18:43:43 - Stage 1 in progress
2024-07-27 18:43:43 - Fuel Level: 98 || Altitude: 10km || Kilometers: 2
2024-07-27 18:43:43 - Stage 1 in progress
2024-07-27 18:43:43 - Fuel Level: 97 || Altitude: 15km || Kilometers: 3
2024-07-27 18:43:43 - Stage 1 in progress
2024-07-27 18:43:43 - Fuel Level: 96 || Altitude: 20km || Kilometers: 4
2024-07-27 18:43:43 - Stage 1 in progress
2024-07-27 18:43:43 - Fuel Level: 95 || Altitude: 25km || Kilometers: 5
2024-07-27 18:43:44 - Stage 1 in progress
2024-07-27 18:43:44 - Fuel Level: 94 || Altitude: 30km || Kilometers: 6
2024-07-27 18:43:44 - Stage 1 in progress
2024-07-27 18:43:44 - Fuel Level: 93 || Altitude: 35km || Kilometers: 7
2024-07-27 18:43:44 - Stage 1 in progress
2024-07-27 18:43:44 - Fuel Level: 92 || Altitude: 40km || Kilometers: 8
2024-07-27 18:43:44 - Stage 1 in progress
2024-07-27 18:43:44 - Fuel Level: 91 || Altitude: 45km || Kilometers: 9
2024-07-27 18:43:44 - Stage 1 in progress
2024-07-27 18:43:44 - Fuel Level: 90 || Altitude: 50km || Kilometers: 10
2024-07-27 18:43:44 - Enter command:
2024-07-27 18:43:48 - Stage 1 in progress
2024-07-27 18:43:48 - Fuel Level: 89 || Altitude: 55km || Kilometers: 11
2024-07-27 18:43:48 - Stage 1 in progress
2024-07-27 18:43:48 - Fuel Level: 88 || Altitude: 60km || Kilometers: 12
2024-07-27 18:43:48 - Stage 1 in progress
2024-07-27 18:43:48 - Fuel Level: 87 || Altitude: 65km || Kilometers: 13
2024-07-27 18:43:48 - Stage 1 in progress
2024-07-27 18:43:49 - Fuel Level: 86 || Altitude: 70km || Kilometers: 14
2024-07-27 18:43:49 - Stage 1 in progress
2024-07-27 18:43:49 - Fuel Level: 85 || Altitude: 75km || Kilometers: 15
2024-07-27 18:43:49 - Stage 1 in progress
2024-07-27 18:43:49 - Fuel Level: 84 || Altitude: 80km || Kilometers: 16
2024-07-27 18:43:49 - Stage 1 in progress
2024-07-27 18:43:49 - Fuel Level: 83 || Altitude: 85km || Kilometers: 17
2024-07-27 18:43:49 - Stage 1 in progress
2024-07-27 18:43:49 - Fuel Level: 82 || Altitude: 90km || Kilometers: 18
2024-07-27 18:43:49 - Stage 1 in progress
2024-07-27 18:43:49 - Fuel Level: 81 || Altitude: 95km || Kilometers: 19
2024-07-27 18:43:49 - Stage 1 in progress
2024-07-27 18:43:49 - Fuel Level: 80 || Altitude: 100km || Kilometers: 20
2024-07-27 18:43:49 - Stage 1 complete
2024-07-27 18:43:49 - Fuel Level: 79 || Altitude: 105km || Kilometers: 21
2024-07-27 18:43:49 - Stage 1 complete
2024-07-27 18:43:49 - Fuel Level: 78 || Altitude: 110km || Kilometers: 22
2024-07-27 18:43:49 - Stage 1 complete
2024-07-27 18:43:49 - Fuel Level: 77 || Altitude: 115km || Kilometers: 23
2024-07-27 18:43:49 - Stage 1 complete
2024-07-27 18:43:49 - Fuel Level: 76 || Altitude: 120km || Kilometers: 24
2024-07-27 18:43:49 - Stage 1 complete
2024-07-27 18:43:49 - Fuel Level: 75 || Altitude: 125km || Kilometers: 25
2024-07-27 18:43:49 - Stage 1 complete
2024-07-27 18:43:49 - Fuel Level: 74 || Altitude: 130km || Kilometers: 26
2024-07-27 18:43:49 - Stage 1 complete
2024-07-27 18:43:49 - Fuel Level: 73 || Altitude: 135km || Kilometers: 27
2024-07-27 18:43:49 - Stage 1 complete
2024-07-27 18:43:49 - Fuel Level: 72 || Altitude: 140km || Kilometers: 28
2024-07-27 18:43:49 - Stage 1 complete
2024-07-27 18:43:49 - Fuel Level: 71 || Altitude: 145km || Kilometers: 29
2024-07-27 18:43:49 - Stage 1 complete
2024-07-27 18:43:49 - Fuel Level: 70 || Altitude: 150km || Kilometers: 30
2024-07-27 18:43:49 - Stage 1 complete. Transitioning to Stage 2.
2024-07-27 18:43:49 - Enter command:
2024-07-27 18:43:53 - Stage 2 in progress
2024-07-27 18:43:53 - Fuel Level: 68 || Altitude: 160km || Kilometers: 32
2024-07-27 18:43:53 - Stage 2 in progress
2024-07-27 18:43:53 - Fuel Level: 66 || Altitude: 170km || Kilometers: 34
2024-07-27 18:43:53 - Stage 2 in progress
2024-07-27 18:43:53 - Fuel Level: 64 || Altitude: 180km || Kilometers: 36
2024-07-27 18:43:53 - Stage 2 in progress
2024-07-27 18:43:53 - Fuel Level: 62 || Altitude: 190km || Kilometers: 38
2024-07-27 18:43:54 - Stage 2 in progress
2024-07-27 18:43:54 - Fuel Level: 60 || Altitude: 200km || Kilometers: 40
2024-07-27 18:43:54 - Stage 2 in progress
2024-07-27 18:43:54 - Fuel Level: 58 || Altitude: 210km || Kilometers: 42
2024-07-27 18:43:54 - Stage 2 in progress
2024-07-27 18:43:54 - Fuel Level: 56 || Altitude: 220km || Kilometers: 44
2024-07-27 18:43:54 - Stage 2 in progress
2024-07-27 18:43:54 - Fuel Level: 54 || Altitude: 230km || Kilometers: 46
2024-07-27 18:43:54 - Stage 2 in progress
2024-07-27 18:43:54 - Fuel Level: 52 || Altitude: 240km || Kilometers: 48
2024-07-27 18:43:54 - Stage 2 in progress
2024-07-27 18:43:54 - Fuel Level: 50 || Altitude: 250km || Kilometers: 50
2024-07-27 18:43:54 - Stage 2 in progress
2024-07-27 18:43:54 - Fuel Level: 48 || Altitude: 260km || Kilometers: 52
2024-07-27 18:43:54 - Stage 2 in progress
2024-07-27 18:43:54 - Fuel Level: 46 || Altitude: 270km || Kilometers: 54
2024-07-27 18:43:54 - Stage 2 in progress
2024-07-27 18:43:54 - Fuel Level: 44 || Altitude: 280km || Kilometers: 56
2024-07-27 18:43:54 - Stage 2 in progress
2024-07-27 18:43:54 - Fuel Level: 42 || Altitude: 290km || Kilometers: 58
2024-07-27 18:43:54 - Stage 2 in progress
2024-07-27 18:43:54 - Fuel Level: 40 || Altitude: 300km || Kilometers: 60
2024-07-27 18:43:54 - Stage 2 complete
2024-07-27 18:43:54 - Fuel Level: 38 || Altitude: 310km || Kilometers: 62
2024-07-27 18:43:54 - Orbit achieved! Mission Successful.
2024-07-27 18:43:54 - Orbit achieved! Mission Successful.
2024-07-27 18:43:54 - Exiting Rocket Launch Simulator. Goodbye!
2024-07-27 18:44:08 - Rocket Launch Simulator started.
2024-07-27 18:44:09 - Enter command:
2024-07-27 18:44:17 - Pre-Launch Checks: All systems are 'Go' for launch.
2024-07-27 18:44:17 - Fuel quality: Good
2024-07-27 18:44:17 - Rocket status: Ready for launch
2024-07-27 18:44:17 - Enter command:
2024-07-27 18:44:20 - Stage 1 in progress
2024-07-27 18:44:20 - Fuel Level: 99 || Altitude: 5km || Kilometers: 1
2024-07-27 18:44:20 - Stage 1 in progress
2024-07-27 18:44:20 - Fuel Level: 98 || Altitude: 10km || Kilometers: 2
2024-07-27 18:44:20 - Stage 1 in progress
2024-07-27 18:44:20 - Fuel Level: 97 || Altitude: 15km || Kilometers: 3
2024-07-27 18:44:20 - Stage 1 in progress
2024-07-27 18:44:20 - Fuel Level: 96 || Altitude: 20km || Kilometers: 4
2024-07-27 18:44:20 - Stage 1 in progress
2024-07-27 18:44:20 - Fuel Level: 95 || Altitude: 25km || Kilometers: 5
2024-07-27 18:44:20 - Stage 1 in progress
2024-07-27 18:44:20 - Fuel Level: 94 || Altitude: 30km || Kilometers: 6
2024-07-27 18:44:20 - Stage 1 in progress
2024-07-27 18:44:20 - Fuel Level: 93 || Altitude: 35km || Kilometers: 7
2024-07-27 18:44:20 - Stage 1 in progress
2024-07-27 18:44:20 - Fuel Level: 92 || Altitude: 40km || Kilometers: 8
2024-07-27 18:44:20 - Stage 1 in progress
2024-07-27 18:44:20 - Fuel Level: 91 || Altitude: 45km || Kilometers: 9
2024-07-27 18:44:20 - Stage 1 in progress
2024-07-27 18:44:20 - Fuel Level: 90 || Altitude: 50km || Kilometers: 10
2024-07-27 18:44:20 - Enter command:
2024-07-27 18:44:27 - Stage 1 in progress
2024-07-27 18:44:27 - Fuel Level: 89 || Altitude: 55km || Kilometers: 11
2024-07-27 18:44:27 - Stage 1 in progress
2024-07-27 18:44:27 - Fuel Level: 88 || Altitude: 60km || Kilometers: 12
2024-07-27 18:44:27 - Stage 1 in progress
2024-07-27 18:44:28 - Fuel Level: 87 || Altitude: 65km || Kilometers: 13
2024-07-27 18:44:28 - Stage 1 in progress
2024-07-27 18:44:28 - Fuel Level: 86 || Altitude: 70km || Kilometers: 14
2024-07-27 18:44:28 - Stage 1 in progress
2024-07-27 18:44:28 - Fuel Level: 85 || Altitude: 75km || Kilometers: 15
2024-07-27 18:44:28 - Stage 1 in progress
2024-07-27 18:44:28 - Fuel Level: 84 || Altitude: 80km || Kilometers: 16
2024-07-27 18:44:28 - Stage 1 in progress
2024-07-27 18:44:28 - Fuel Level: 83 || Altitude: 85km || Kilometers: 17
2024-07-27 18:44:28 - Stage 1 in progress
2024-07-27 18:44:28 - Fuel Level: 82 || Altitude: 90km || Kilometers: 18
2024-07-27 18:44:28 - Stage 1 in progress
2024-07-27 18:44:28 - Fuel Level: 81 || Altitude: 95km || Kilometers: 19
2024-07-27 18:44:28 - Stage 1 in progress
2024-07-27 18:44:28 - Fuel Level: 80 || Altitude: 100km || Kilometers: 20
2024-07-27 18:44:28 - Stage 1 complete
2024-07-27 18:44:28 - Fuel Level: 79 || Altitude: 105km || Kilometers: 21
2024-07-27 18:44:28 - Stage 1 complete
2024-07-27 18:44:28 - Fuel Level: 78 || Altitude: 110km || Kilometers: 22
2024-07-27 18:44:28 - Stage 1 complete
2024-07-27 18:44:28 - Fuel Level: 77 || Altitude: 115km || Kilometers: 23
2024-07-27 18:44:28 - Stage 1 complete
2024-07-27 18:44:28 - Fuel Level: 76 || Altitude: 120km || Kilometers: 24
2024-07-27 18:44:28 - Stage 1 complete
2024-07-27 18:44:28 - Fuel Level: 75 || Altitude: 125km || Kilometers: 25
2024-07-27 18:44:28 - Stage 1 complete
2024-07-27 18:44:28 - Fuel Level: 74 || Altitude: 130km || Kilometers: 26
2024-07-27 18:44:28 - Stage 1 complete
2024-07-27 18:44:29 - Fuel Level: 73 || Altitude: 135km || Kilometers: 27
2024-07-27 18:44:29 - Stage 1 complete
2024-07-27 18:44:29 - Fuel Level: 72 || Altitude: 140km || Kilometers: 28
2024-07-27 18:44:29 - Stage 1 complete
2024-07-27 18:44:29 - Fuel Level: 71 || Altitude: 145km || Kilometers: 29
2024-07-27 18:44:29 - Stage 1 complete
2024-07-27 18:44:29 - Fuel Level: 70 || Altitude: 150km || Kilometers: 30
2024-07-27 18:44:29 - Stage 1 complete
2024-07-27 18:44:29 - Fuel Level: 69 || Altitude: 155km || Kilometers: 31
2024-07-27 18:44:29 - Stage 1 complete
2024-07-27 18:44:29 - Fuel Level: 68 || Altitude: 160km || Kilometers: 32
2024-07-27 18:44:29 - Stage 1 complete
2024-07-27 18:44:29 - Fuel Level: 67 || Altitude: 165km || Kilometers: 33
2024-07-27 18:44:29 - Stage 1 complete
2024-07-27 18:44:29 - Fuel Level: 66 || Altitude: 170km || Kilometers: 34
2024-07-27 18:44:29 - Stage 1 complete
2024-07-27 18:44:29 - Fuel Level: 65 || Altitude: 175km || Kilometers: 35
2024-07-27 18:44:29 - Stage 1 complete
2024-07-27 18:44:29 - Fuel Level: 64 || Altitude: 180km || Kilometers: 36
2024-07-27 18:44:29 - Stage 1 complete
2024-07-27 18:44:29 - Fuel Level: 63 || Altitude: 185km || Kilometers: 37
2024-07-27 18:44:29 - Stage 1 complete
2024-07-27 18:44:29 - Fuel Level: 62 || Altitude: 190km || Kilometers: 38
2024-07-27 18:44:29 - Stage 1 complete
2024-07-27 18:44:29 - Fuel Level: 61 || Altitude: 195km || Kilometers: 39
2024-07-27 18:44:29 - Stage 1 complete
2024-07-27 18:44:29 - Fuel Level: 60 || Altitude: 200km || Kilometers: 40
2024-07-27 18:44:29 - Stage 1 complete
2024-07-27 18:44:29 - Fuel Level: 59 || Altitude: 205km || Kilometers: 41
2024-07-27 18:44:29 - Stage 1 complete
2024-07-27 18:44:29 - Fuel Level: 58 || Altitude: 210km || Kilometers: 42
2024-07-27 18:44:29 - Stage 1 complete
2024-07-27 18:44:29 - Fuel Level: 57 || Altitude: 215km || Kilometers: 43
2024-07-27 18:44:29 - Stage 1 complete
2024-07-27 18:44:30 - Fuel Level: 56 || Altitude: 220km || Kilometers: 44
2024-07-27 18:44:30 - Stage 1 complete
2024-07-27 18:44:30 - Fuel Level: 55 || Altitude: 225km || Kilometers: 45
2024-07-27 18:44:30 - Stage 1 complete
2024-07-27 18:44:30 - Fuel Level: 54 || Altitude: 230km || Kilometers: 46
2024-07-27 18:44:30 - Stage 1 complete
2024-07-27 18:44:30 - Fuel Level: 53 || Altitude: 235km || Kilometers: 47
2024-07-27 18:44:30 - Stage 1 complete
2024-07-27 18:44:30 - Fuel Level: 52 || Altitude: 240km || Kilometers: 48
2024-07-27 18:44:30 - Stage 1 complete
2024-07-27 18:44:30 - Fuel Level: 51 || Altitude: 245km || Kilometers: 49
2024-07-27 18:44:30 - Stage 1 complete
2024-07-27 18:44:30 - Fuel Level: 50 || Altitude: 250km || Kilometers: 50
2024-07-27 18:44:30 - Stage 1 complete
2024-07-27 18:44:30 - Fuel Level: 49 || Altitude: 255km || Kilometers: 51
2024-07-27 18:44:30 - Stage 1 complete
2024-07-27 18:44:30 - Fuel Level: 48 || Altitude: 260km || Kilometers: 52
2024-07-27 18:44:30 - Stage 1 complete
2024-07-27 18:44:30 - Fuel Level: 47 || Altitude: 265km || Kilometers: 53
2024-07-27 18:44:30 - Stage 1 complete
2024-07-27 18:44:30 - Fuel Level: 46 || Altitude: 270km || Kilometers: 54
2024-07-27 18:44:30 - Stage 1 complete
2024-07-27 18:44:30 - Fuel Level: 45 || Altitude: 275km || Kilometers: 55
2024-07-27 18:44:30 - Stage 1 complete
2024-07-27 18:44:30 - Fuel Level: 44 || Altitude: 280km || Kilometers: 56
2024-07-27 18:44:30 - Stage 1 complete
2024-07-27 18:44:30 - Fuel Level: 43 || Altitude: 285km || Kilometers: 57
2024-07-27 18:44:30 - Stage 1 complete
2024-07-27 18:44:30 - Fuel Level: 42 || Altitude: 290km || Kilometers: 58
2024-07-27 18:44:30 - Stage 1 complete
2024-07-27 18:44:30 - Fuel Level: 41 || Altitude: 295km || Kilometers: 59
2024-07-27 18:44:30 - Stage 1 complete
2024-07-27 18:44:30 - Fuel Level: 40 || Altitude: 300km || Kilometers: 60
2024-07-27 18:44:30 - Stage 1 complete. Transitioning to Stage 2.
2024-07-27 18:44:30 - Enter command:
2024-07-27 18:44:36 - Stage 2 in progress
2024-07-27 18:44:36 - Fuel Level: 38 || Altitude: 310km || Kilometers: 62
2024-07-27 18:44:36 - Stage 2 in progress
2024-07-27 18:44:36 - Fuel Level: 36 || Altitude: 320km || Kilometers: 64
2024-07-27 18:44:36 - Stage 2 in progress
2024-07-27 18:44:36 - Fuel Level: 34 || Altitude: 330km || Kilometers: 66
2024-07-27 18:44:36 - Stage 2 in progress
2024-07-27 18:44:36 - Fuel Level: 32 || Altitude: 340km || Kilometers: 68
2024-07-27 18:44:36 - Stage 2 in progress
2024-07-27 18:44:36 - Fuel Level: 30 || Altitude: 350km || Kilometers: 70
2024-07-27 18:44:36 - Stage 2 in progress
2024-07-27 18:44:37 - Fuel Level: 28 || Altitude: 360km || Kilometers: 72
2024-07-27 18:44:37 - Stage 2 in progress
2024-07-27 18:44:37 - Fuel Level: 26 || Altitude: 370km || Kilometers: 74
2024-07-27 18:44:37 - Stage 2 in progress
2024-07-27 18:44:37 - Fuel Level: 24 || Altitude: 380km || Kilometers: 76
2024-07-27 18:44:37 - Stage 2 in progress
2024-07-27 18:44:37 - Fuel Level: 22 || Altitude: 390km || Kilometers: 78
2024-07-27 18:44:37 - Stage 2 in progress
2024-07-27 18:44:37 - Fuel Level: 20 || Altitude: 400km || Kilometers: 80
2024-07-27 18:44:37 - Stage 2 in progress
2024-07-27 18:44:37 - Fuel Level: 18 || Altitude: 410km || Kilometers: 82
2024-07-27 18:44:37 - Stage 2 in progress
2024-07-27 18:44:37 - Fuel Level: 16 || Altitude: 420km || Kilometers: 84
2024-07-27 18:44:37 - Stage 2 in progress
2024-07-27 18:44:37 - Fuel Level: 14 || Altitude: 430km || Kilometers: 86
2024-07-27 18:44:37 - Stage 2 in progress
2024-07-27 18:44:37 - Fuel Level: 12 || Altitude: 440km || Kilometers: 88
2024-07-27 18:44:37 - Stage 2 in progress
2024-07-27 18:44:37 - Fuel Level: 10 || Altitude: 450km || Kilometers: 90
2024-07-27 18:44:37 - Stage 2 complete
2024-07-27 18:44:37 - Fuel Level: 8 || Altitude: 460km || Kilometers: 92
2024-07-27 18:44:37 - Orbit achieved! Mission Successful.
2024-07-27 18:44:37 - Orbit achieved! Mission Successful.
2024-07-27 18:44:37 - Exiting Rocket Launch Simulator. Goodbye!
2024-07-27 18:44:51 - Rocket Launch Simulator started.
2024-07-27 18:44:51 - Enter command:
2024-07-27 18:44:56 - Pre-Launch Checks: All systems are 'Go' for launch.
2024-07-27 18:44:56 - Fuel quality: Good
2024-07-27 18:44:56 - Rocket status: Ready for launch
2024-07-27 18:44:56 - Enter command:
2024-07-27 18:44:59 - Stage 1 in progress
2024-07-27 18:44:59 - Fuel Level: 99 || Altitude: 5km || Kilometers: 1
2024-07-27 18:44:59 - Stage 1 in progress
2024-07-27 18:44:59 - Fuel Level: 98 || Altitude: 10km || Kilometers: 2
2024-07-27 18:44:59 - Stage 1 in progress
2024-07-27 18:44:59 - Fuel Level: 97 || Altitude: 15km || Kilometers: 3
2024-07-27 18:44:59 - Stage 1 in progress
2024-07-27 18:44:59 - Fuel Level: 96 || Altitude: 20km || Kilometers: 4
2024-07-27 18:44:59 - Stage 1 in progress
2024-07-27 18:44:59 - Fuel Level: 95 || Altitude: 25km || Kilometers: 5
2024-07-27 18:44:59 - Stage 1 in progress
2024-07-27 18:44:59 - Fuel Level: 94 || Altitude: 30km || Kilometers: 6
2024-07-27 18:44:59 - Stage 1 in progress
2024-07-27 18:44:59 - Fuel Level: 93 || Altitude: 35km || Kilometers: 7
2024-07-27 18:44:59 - Stage 1 in progress
2024-07-27 18:44:59 - Fuel Level: 92 || Altitude: 40km || Kilometers: 8
2024-07-27 18:45:00 - Stage 1 in progress
2024-07-27 18:45:00 - Fuel Level: 91 || Altitude: 45km || Kilometers: 9
2024-07-27 18:45:00 - Stage 1 in progress
2024-07-27 18:45:00 - Fuel Level: 90 || Altitude: 50km || Kilometers: 10
2024-07-27 18:45:00 - Enter command:
2024-07-27 18:45:16 - Stage 1 in progress
2024-07-27 18:45:16 - Fuel Level: 89 || Altitude: 55km || Kilometers: 11
2024-07-27 18:45:16 - Stage 1 in progress
2024-07-27 18:45:17 - Fuel Level: 88 || Altitude: 60km || Kilometers: 12
2024-07-27 18:45:17 - Stage 1 in progress
2024-07-27 18:45:17 - Fuel Level: 87 || Altitude: 65km || Kilometers: 13
2024-07-27 18:45:17 - Stage 1 in progress
2024-07-27 18:45:17 - Fuel Level: 86 || Altitude: 70km || Kilometers: 14
2024-07-27 18:45:17 - Stage 1 in progress
2024-07-27 18:45:17 - Fuel Level: 85 || Altitude: 75km || Kilometers: 15
2024-07-27 18:45:17 - Stage 1 in progress
2024-07-27 18:45:17 - Fuel Level: 84 || Altitude: 80km || Kilometers: 16
2024-07-27 18:45:17 - Stage 1 in progress
2024-07-27 18:45:17 - Fuel Level: 83 || Altitude: 85km || Kilometers: 17
2024-07-27 18:45:17 - Stage 1 in progress
2024-07-27 18:45:17 - Fuel Level: 82 || Altitude: 90km || Kilometers: 18
2024-07-27 18:45:17 - Stage 1 in progress
2024-07-27 18:45:17 - Fuel Level: 81 || Altitude: 95km || Kilometers: 19
2024-07-27 18:45:17 - Stage 1 in progress
2024-07-27 18:45:17 - Fuel Level: 80 || Altitude: 100km || Kilometers: 20
2024-07-27 18:45:17 - Stage 1 complete
2024-07-27 18:45:17 - Fuel Level: 79 || Altitude: 105km || Kilometers: 21
2024-07-27 18:45:17 - Stage 1 complete
2024-07-27 18:45:17 - Fuel Level: 78 || Altitude: 110km || Kilometers: 22
2024-07-27 18:45:17 - Stage 1 complete
2024-07-27 18:45:17 - Fuel Level: 77 || Altitude: 115km || Kilometers: 23
2024-07-27 18:45:17 - Stage 1 complete
2024-07-27 18:45:17 - Fuel Level: 76 || Altitude: 120km || Kilometers: 24
2024-07-27 18:45:17 - Stage 1 complete
2024-07-27 18:45:17 - Fuel Level: 75 || Altitude: 125km || Kilometers: 25
2024-07-27 18:45:17 - Stage 1 complete
2024-07-27 18:45:17 - Fuel Level: 74 || Altitude: 130km || Kilometers: 26
2024-07-27 18:45:17 - Stage 1 complete
2024-07-27 18:45:17 - Fuel Level: 73 || Altitude: 135km || Kilometers: 27
2024-07-27 18:45:17 - Stage 1 complete
2024-07-27 18:45:17 - Fuel Level: 72 || Altitude: 140km || Kilometers: 28
2024-07-27 18:45:17 - Stage 1 complete
2024-07-27 18:45:17 - Fuel Level: 71 || Altitude: 145km || Kilometers: 29
2024-07-27 18:45:17 - Stage 1 complete
2024-07-27 18:45:17 - Fuel Level: 70 || Altitude: 150km || Kilometers: 30
2024-07-27 18:45:17 - Stage 1 complete
2024-07-27 18:45:17 - Fuel Level: 69 || Altitude: 155km || Kilometers: 31
2024-07-27 18:45:17 - Stage 1 complete
2024-07-27 18:45:17 - Fuel Level: 68 || Altitude: 160km || Kilometers: 32
2024-07-27 18:45:17 - Stage 1 complete
2024-07-27 18:45:17 - Fuel Level: 67 || Altitude: 165km || Kilometers: 33
2024-07-27 18:45:17 - Stage 1 complete
2024-07-27 18:45:17 - Fuel Level: 66 || Altitude: 170km || Kilometers: 34
2024-07-27 18:45:17 - Stage 1 complete
2024-07-27 18:45:17 - Fuel Level: 65 || Altitude: 175km || Kilometers: 35
2024-07-27 18:45:18 - Stage 1 complete
2024-07-27 18:45:18 - Fuel Level: 64 || Altitude: 180km || Kilometers: 36
2024-07-27 18:45:18 - Stage 1 complete
2024-07-27 18:45:18 - Fuel Level: 63 || Altitude: 185km || Kilometers: 37
2024-07-27 18:45:18 - Stage 1 complete
2024-07-27 18:45:18 - Fuel Level: 62 || Altitude: 190km || Kilometers: 38
2024-07-27 18:45:18 - Stage 1 complete
2024-07-27 18:45:18 - Fuel Level: 61 || Altitude: 195km || Kilometers: 39
2024-07-27 18:45:18 - Stage 1 complete
2024-07-27 18:45:18 - Fuel Level: 60 || Altitude: 200km || Kilometers: 40
2024-07-27 18:45:18 - Stage 1 complete
2024-07-27 18:45:18 - Fuel Level: 59 || Altitude: 205km || Kilometers: 41
2024-07-27 18:45:18 - Stage 1 complete
2024-07-27 18:45:18 - Fuel Level: 58 || Altitude: 210km || Kilometers: 42
2024-07-27 18:45:18 - Stage 1 complete
2024-07-27 18:45:18 - Fuel Level: 57 || Altitude: 215km || Kilometers: 43
2024-07-27 18:45:18 - Stage 1 complete
2024-07-27 18:45:18 - Fuel Level: 56 || Altitude: 220km || Kilometers: 44
2024-07-27 18:45:18 - Stage 1 complete
2024-07-27 18:45:18 - Fuel Level: 55 || Altitude: 225km || Kilometers: 45
2024-07-27 18:45:18 - Stage 1 complete
2024-07-27 18:45:18 - Fuel Level: 54 || Altitude: 230km || Kilometers: 46
2024-07-27 18:45:18 - Stage 1 complete
2024-07-27 18:45:18 - Fuel Level: 53 || Altitude: 235km || Kilometers: 47
2024-07-27 18:45:18 - Stage 1 complete
2024-07-27 18:45:18 - Fuel Level: 52 || Altitude: 240km || Kilometers: 48
2024-07-27 18:45:18 - Stage 1 complete
2024-07-27 18:45:18 - Fuel Level: 51 || Altitude: 245km || Kilometers: 49
2024-07-27 18:45:18 - Stage 1 complete
2024-07-27 18:45:18 - Fuel Level: 50 || Altitude: 250km || Kilometers: 50
2024-07-27 18:45:19 - Stage 1 complete
2024-07-27 18:45:19 - Fuel Level: 49 || Altitude: 255km || Kilometers: 51
2024-07-27 18:45:19 - Stage 1 complete
2024-07-27 18:45:19 - Fuel Level: 48 || Altitude: 260km || Kilometers: 52
2024-07-27 18:45:19 - Stage 1 complete
2024-07-27 18:45:19 - Fuel Level: 47 || Altitude: 265km || Kilometers: 53
2024-07-27 18:45:19 - Stage 1 complete
2024-07-27 18:45:19 - Fuel Level: 46 || Altitude: 270km || Kilometers: 54
2024-07-27 18:45:19 - Stage 1 complete
2024-07-27 18:45:19 - Fuel Level: 45 || Altitude: 275km || Kilometers: 55
2024-07-27 18:45:19 - Stage 1 complete
2024-07-27 18:45:19 - Fuel Level: 44 || Altitude: 280km || Kilometers: 56
2024-07-27 18:45:19 - Stage 1 complete
2024-07-27 18:45:19 - Fuel Level: 43 || Altitude: 285km || Kilometers: 57
2024-07-27 18:45:19 - Stage 1 complete
2024-07-27 18:45:19 - Fuel Level: 42 || Altitude: 290km || Kilometers: 58
2024-07-27 18:45:19 - Stage 1 complete
2024-07-27 18:45:19 - Fuel Level: 41 || Altitude: 295km || Kilometers: 59
2024-07-27 18:45:19 - Stage 1 complete
2024-07-27 18:45:19 - Fuel Level: 40 || Altitude: 300km || Kilometers: 60
2024-07-27 18:45:19 - Stage 1 complete
2024-07-27 18:45:19 - Fuel Level: 39 || Altitude: 305km || Kilometers: 61
2024-07-27 18:45:19 - Stage 1 complete
2024-07-27 18:45:19 - Fuel Level: 38 || Altitude: 310km || Kilometers: 62
2024-07-27 18:45:19 - Stage 1 complete
2024-07-27 18:45:19 - Fuel Level: 37 || Altitude: 315km || Kilometers: 63
2024-07-27 18:45:19 - Stage 1 complete
2024-07-27 18:45:19 - Fuel Level: 36 || Altitude: 320km || Kilometers: 64
2024-07-27 18:45:19 - Stage 1 complete
2024-07-27 18:45:19 - Fuel Level: 35 || Altitude: 325km || Kilometers: 65
2024-07-27 18:45:19 - Stage 1 complete
2024-07-27 18:45:20 - Fuel Level: 34 || Altitude: 330km || Kilometers: 66
2024-07-27 18:45:20 - Stage 1 complete
2024-07-27 18:45:20 - Fuel Level: 33 || Altitude: 335km || Kilometers: 67
2024-07-27 18:45:20 - Stage 1 complete
2024-07-27 18:45:20 - Fuel Level: 32 || Altitude: 340km || Kilometers: 68
2024-07-27 18:45:20 - Stage 1 complete
2024-07-27 18:45:20 - Fuel Level: 31 || Altitude: 345km || Kilometers: 69
2024-07-27 18:45:20 - Stage 1 complete
2024-07-27 18:45:20 - Fuel Level: 30 || Altitude: 350km || Kilometers: 70
2024-07-27 18:45:20 - Stage 1 complete
2024-07-27 18:45:20 - Fuel Level: 29 || Altitude: 355km || Kilometers: 71
2024-07-27 18:45:20 - Stage 1 complete
2024-07-27 18:45:20 - Fuel Level: 28 || Altitude: 360km || Kilometers: 72
2024-07-27 18:45:20 - Stage 1 complete
2024-07-27 18:45:20 - Fuel Level: 27 || Altitude: 365km || Kilometers: 73
2024-07-27 18:45:20 - Stage 1 complete
2024-07-27 18:45:20 - Fuel Level: 26 || Altitude: 370km || Kilometers: 74
2024-07-27 18:45:20 - Stage 1 complete
2024-07-27 18:45:20 - Fuel Level: 25 || Altitude: 375km || Kilometers: 75
2024-07-27 18:45:20 - Stage 1 complete
2024-07-27 18:45:20 - Fuel Level: 24 || Altitude: 380km || Kilometers: 76
2024-07-27 18:45:20 - Stage 1 complete
2024-07-27 18:45:20 - Fuel Level: 23 || Altitude: 385km || Kilometers: 77
2024-07-27 18:45:20 - Stage 1 complete
2024-07-27 18:45:20 - Fuel Level: 22 || Altitude: 390km || Kilometers: 78
2024-07-27 18:45:20 - Stage 1 complete
2024-07-27 18:45:20 - Fuel Level: 21 || Altitude: 395km || Kilometers: 79
2024-07-27 18:45:20 - Stage 1 complete
2024-07-27 18:45:20 - Fuel Level: 20 || Altitude: 400km || Kilometers: 80
2024-07-27 18:45:20 - Stage 1 complete
2024-07-27 18:45:20 - Fuel Level: 19 || Altitude: 405km || Kilometers: 81
2024-07-27 18:45:20 - Stage 1 complete
2024-07-27 18:45:20 - Fuel Level: 18 || Altitude: 410km || Kilometers: 82
2024-07-27 18:45:20 - Stage 1 complete
2024-07-27 18:45:20 - Fuel Level: 17 || Altitude: 415km || Kilometers: 83
2024-07-27 18:45:20 - Stage 1 complete
2024-07-27 18:45:20 - Fuel Level: 16 || Altitude: 420km || Kilometers: 84
2024-07-27 18:45:20 - Stage 1 complete
2024-07-27 18:45:21 - Fuel Level: 15 || Altitude: 425km || Kilometers: 85
2024-07-27 18:45:21 - Stage 1 complete
2024-07-27 18:45:21 - Fuel Level: 14 || Altitude: 430km || Kilometers: 86
2024-07-27 18:45:21 - Stage 1 complete
2024-07-27 18:45:21 - Fuel Level: 13 || Altitude: 435km || Kilometers: 87
2024-07-27 18:45:21 - Stage 1 complete
2024-07-27 18:45:21 - Fuel Level: 12 || Altitude: 440km || Kilometers: 88
2024-07-27 18:45:21 - Stage 1 complete
2024-07-27 18:45:21 - Fuel Level: 11 || Altitude: 445km || Kilometers: 89
2024-07-27 18:45:21 - Stage 1 complete
2024-07-27 18:45:21 - Fuel Level: 10 || Altitude: 450km || Kilometers: 90
2024-07-27 18:45:21 - Stage 1 complete
2024-07-27 18:45:21 - Fuel Level: 9 || Altitude: 455km || Kilometers: 91
2024-07-27 18:45:21 - Stage 1 complete
2024-07-27 18:45:21 - Fuel Level: 8 || Altitude: 460km || Kilometers: 92
2024-07-27 18:45:21 - Stage 1 complete
2024-07-27 18:45:21 - Fuel Level: 7 || Altitude: 465km || Kilometers: 93
2024-07-27 18:45:21 - Stage 1 complete
2024-07-27 18:45:21 - Fuel Level: 6 || Altitude: 470km || Kilometers: 94
2024-07-27 18:45:21 - Stage 1 complete
2024-07-27 18:45:21 - Fuel Level: 5 || Altitude: 475km || Kilometers: 95
2024-07-27 18:45:21 - Stage 1 complete
2024-07-27 18:45:21 - Fuel Level: 4 || Altitude: 480km || Kilometers: 96
2024-07-27 18:45:21 - Stage 1 complete
2024-07-27 18:45:21 - Fuel Level: 3 || Altitude: 485km || Kilometers: 97
2024-07-27 18:45:21 - Stage 1 complete
2024-07-27 18:45:21 - Fuel Level: 2 || Altitude: 490km || Kilometers: 98
2024-07-27 18:45:21 - Stage 1 complete
2024-07-27 18:45:21 - Fuel Level: 1 || Altitude: 495km || Kilometers: 99
2024-07-27 18:45:21 - Stage 1 complete
2024-07-27 18:45:21 - Fuel Level: 0 || Altitude: 500km || Kilometers: 100
2024-07-27 18:45:21 - Fuel is empty. Mission terminated.
2024-07-27 18:45:21 - Stage 1 complete. Transitioning to Stage 2.
2024-07-27 18:45:21 - Exiting Rocket Launch Simulator. Goodbye!
